\BOOKMARK [1][-]{section.1}{\376\377\225\356\230\230\221\315\217\360}{}% 1
\BOOKMARK [2][-]{subsection.1.1}{\376\377\225\356\230\230\200\314\146\157}{section.1}% 2
\BOOKMARK [2][-]{subsection.1.2}{\376\377\225\356\230\230\151\202\217\360}{section.1}% 3
\BOOKMARK [1][-]{section.2}{\376\377\152\041\127\213\120\107\213\276}{}% 4
\BOOKMARK [1][-]{section.3}{\376\377\173\046\123\367\213\364\146\016}{}% 5
\BOOKMARK [1][-]{section.4}{\376\377\225\356\230\230\122\006\147\220}{}% 6
\BOOKMARK [2][-]{subsection.4.1}{\376\377\225\356\230\230\116\000\166\204\122\006\147\220}{section.4}% 7
\BOOKMARK [3][-]{subsubsection.4.1.1}{\376\377\160\274\224\242\060\001\217\336\224\370\060\001\160\355\217\147\135\345\202\172\162\171\160\271\122\006\147\220}{subsection.4.1}% 8
\BOOKMARK [3][-]{subsubsection.4.1.2}{\376\377\145\160\133\146\136\372\152\041\227\000\154\102\122\006\147\220}{subsection.4.1}% 9
\BOOKMARK [2][-]{subsection.4.2}{\376\377\225\356\230\230\116\214\166\204\122\006\147\220}{section.4}% 10
\BOOKMARK [3][-]{subsubsection.4.2.1}{\376\377\116\000\117\123\123\026\214\003\136\246\225\356\230\230\122\006\147\220}{subsection.4.2}% 11
\BOOKMARK [3][-]{subsubsection.4.2.2}{\376\377\131\032\166\356\150\007\117\030\123\026\227\000\154\102\122\006\147\220}{subsection.4.2}% 12
\BOOKMARK [1][-]{section.5}{\376\377\152\041\127\213\136\372\172\313\116\016\154\102\211\343}{}% 13
\BOOKMARK [2][-]{subsection.5.1}{\376\377\225\356\230\230\116\000\152\041\127\213\166\204\136\372\172\313\116\016\154\102\211\343}{section.5}% 14
\BOOKMARK [3][-]{subsubsection.5.1.1}{\376\377\152\041\127\213\136\372\172\313}{subsection.5.1}% 15
\BOOKMARK [3][-]{subsubsection.5.1.2}{\376\377\152\041\127\213\154\102\211\343}{subsection.5.1}% 16
\BOOKMARK [2][-]{subsection.5.2}{\376\377\225\356\230\230\116\214\152\041\127\213\166\204\136\372\172\313\116\016\154\102\211\343}{section.5}% 17
\BOOKMARK [3][-]{subsubsection.5.2.1}{\376\377\152\041\127\213\136\372\172\313}{subsection.5.2}% 18
\BOOKMARK [3][-]{subsubsection.5.2.2}{\376\377\152\041\127\213\154\102\211\343}{subsection.5.2}% 19
\BOOKMARK [1][-]{section.6}{\376\377\116\377\167\037\133\236\232\214\116\016\176\323\147\234\122\006\147\220}{}% 20
\BOOKMARK [2][-]{subsection.6.1}{\376\377\133\236\232\214\145\160\143\156\123\312\123\302\145\160\213\276\177\156}{section.6}% 21
\BOOKMARK [2][-]{subsection.6.2}{\376\377\133\236\232\214\176\323\147\234}{section.6}% 22
\BOOKMARK [1][-]{section.7}{\376\377\160\165\145\117\136\246\122\006\147\220}{}% 23
\BOOKMARK [1][-]{section.8}{\376\377\152\041\127\213\213\304\116\367}{}% 24
\BOOKMARK [2][-]{subsection.8.1}{\376\377\152\041\127\213\166\204\117\030\160\271}{section.8}% 25
\BOOKMARK [2][-]{subsection.8.2}{\376\377\152\041\127\213\166\204\177\072\160\271}{section.8}% 26
\BOOKMARK [1][-]{subsection.8.2}{\376\377\123\302\200\003\145\207\163\056}{}% 27
\BOOKMARK [1][-]{appendix.A}{\376\377\000N\000S\000G\000A\000-\000I\000I\116\377\167\037\133\236\232\214\116\343\170\001}{}% 28
