\BOOKMARK [1][-]{section.1}{\376\377\000I\000n\000t\000r\000o\000d\000u\000c\000t\000i\000o\000n}{}% 1
\BOOKMARK [2][-]{subsection.1.1}{\376\377\000B\000a\000c\000k\000g\000r\000o\000u\000n\000d}{section.1}% 2
\BOOKMARK [2][-]{subsection.1.2}{\376\377\000R\000e\000l\000a\000t\000e\000d\000\040\000W\000o\000r\000k\000s}{section.1}% 3
\BOOKMARK [2][-]{subsection.1.3}{\376\377\000O\000u\000r\000\040\000W\000o\000r\000k\000s\377\010\117\032\120\132\214\003\145\164\377\011\377\011}{section.1}% 4
\BOOKMARK [1][-]{section.2}{\376\377\000F\000u\000n\000d\000a\000m\000e\000n\000t\000a\000l\000\040\000A\000s\000s\000u\000m\000p\000t\000i\000o\000n\000s}{}% 5
\BOOKMARK [1][-]{section.3}{\376\377\000N\000o\000m\000e\000n\000c\000l\000a\000t\000u\000r\000e}{}% 6
\BOOKMARK [1][-]{section.4}{\376\377\000R\000a\000t\000i\000n\000g\000-\000b\000a\000s\000e\000d\000\040\000M\000e\000a\000s\000u\000r\000e}{}% 7
\BOOKMARK [1][-]{section.5}{\376\377\000T\000e\000x\000t\000-\000b\000a\000s\000e\000d\000\040\000M\000e\000a\000s\000u\000r\000e\000\040}{}% 8
\BOOKMARK [2][-]{subsection.5.1}{\376\377\000T\000e\000x\000t\000\040\000p\000r\000e\000p\000r\000o\000c\000e\000s\000s\000i\000n\000g}{section.5}% 9
\BOOKMARK [3][-]{subsubsection.5.1.1}{\376\377\000D\000a\000t\000a\000\040\000C\000l\000e\000a\000n\000i\000n\000g}{subsection.5.1}% 10
\BOOKMARK [3][-]{subsubsection.5.1.2}{\376\377\000E\000n\000c\000o\000d\000i\000n\000g}{subsection.5.1}% 11
\BOOKMARK [2][-]{subsection.5.2}{\376\377\000S\000e\000n\000t\000i\000m\000e\000n\000t\000a\000l\000\040\000A\000n\000a\000l\000y\000s\000i\000s}{section.5}% 12
\BOOKMARK [3][-]{subsubsection.5.2.1}{\376\377\000L\000o\000g\000i\000s\000t\000i\000c\000\040\000R\000e\000g\000r\000e\000s\000s\000i\000o\000n}{subsection.5.2}% 13
\BOOKMARK [3][-]{subsubsection.5.2.2}{\376\377\000S\000e\000n\000t\000i\000m\000e\000n\000t\000a\000l\000\040\000r\000a\000t\000i\000n\000g}{subsection.5.2}% 14
\BOOKMARK [1][-]{section.6}{\376\377\000T\000i\000m\000e\000-\000b\000a\000s\000e\000d\000\040\000R\000e\000p\000u\000t\000a\000t\000i\000o\000n\000\040\000M\000o\000d\000e\000l}{}% 15
\BOOKMARK [2][-]{subsection.6.1}{\376\377\000R\000e\000v\000i\000e\000w\000\040\000C\000r\000e\000d\000i\000b\000i\000l\000i\000t\000y}{section.6}% 16
\BOOKMARK [2][-]{subsection.6.2}{\376\377\000L\000i\000g\000h\000t\000G\000B\000M\000\040\000R\000e\000c\000o\000m\000p\000u\000t\000i\000n\000g}{section.6}% 17
\BOOKMARK [2][-]{subsection.6.3}{\376\377\000R\000e\000p\000u\000t\000a\000t\000i\000o\000n\000\040\000m\000o\000d\000e\000l}{section.6}% 18
\BOOKMARK [1][-]{section.7}{\376\377\000C\000o\000m\000b\000i\000n\000a\000t\000i\000o\000n\000s\000\040\000o\000f\000\040\000T\000e\000x\000t\000\040\000a\000n\000d\000\040\000R\000a\000t\000i\000n\000g}{}% 19
\BOOKMARK [2][-]{subsection.7.1}{\376\377\000A\000s\000s\000o\000c\000i\000a\000t\000i\000o\000n\000\040\000R\000u\000l\000e\000\040\000A\000n\000a\000l\000y\000s\000i\000s}{section.7}% 20
\BOOKMARK [2][-]{subsection.7.2}{\376\377\000S\000u\000p\000p\000o\000r\000t\000\040\000a\000n\000d\000\040\000C\000o\000n\000f\000i\000d\000e\000n\000c\000e}{section.7}% 21
\BOOKMARK [2][-]{subsection.7.3}{\376\377\000A\000p\000r\000i\000o\000r\000i\000\040\000a\000l\000g\000o\000r\000i\000t\000h\000m}{section.7}% 22
\BOOKMARK [1][-]{section.8}{\376\377\000D\000y\000n\000a\000m\000i\000c\000\040\000T\000i\000m\000e\000\040\000W\000a\000r\000p\000i\000n\000g}{}% 23
\BOOKMARK [1][-]{section.9}{\376\377\000S\000e\000n\000s\000i\000t\000i\000v\000i\000t\000y\000\040\000A\000n\000a\000l\000y\000s\000i\000s}{}% 24
\BOOKMARK [1][-]{section.10}{\376\377\000S\000t\000r\000e\000n\000g\000t\000h\000\040\000a\000n\000d\000\040\000W\000e\000a\000k\000n\000e\000s\000s\000e\000s}{}% 25
\BOOKMARK [2][-]{subsection.10.1}{\376\377\000S\000t\000r\000e\000n\000g\000t\000h}{section.10}% 26
\BOOKMARK [2][-]{subsection.10.2}{\376\377\000W\000e\000a\000k\000n\000e\000s\000s\000e\000s}{section.10}% 27
\BOOKMARK [1][-]{section.11}{\376\377\000C\000o\000n\000c\000l\000u\000s\000i\000o\000n\000s\000\040\000a\000n\000d\000\040\000D\000i\000s\000c\000u\000s\000s\000i\000o\000n}{}% 28
\BOOKMARK [1][-]{section*.3}{\376\377\000A\000p\000p\000e\000n\000d\000i\000c\000e\000s\000\040\000f\000o\000r\000\040\000D\000a\000t\000a\000\040\000a\000n\000d\000\040\000C\000o\000d\000e}{}% 29
